<?xml version="1.0" encoding="UTF-8" standalone="yes" ?>
<test-results name="C:\Source\Kernow Software\KernowSoftwareFMX\Tests\ksComponentsTests.exe" total="11" errors="0" failures="0" ignored="0" inconclusive="0" not-run="0" skipped="0" invalid="0" date="2015-12-27" time="0.611">
  <culture-info current-culture="en" current-uiculture="en" />
  <test-suite type="Assembly" name="ksComponentsTests.exe" executed="true" result="Success" success="True" time="0.611" asserts="0">
    <results>
        <test-suite type="Namespace" name="ksTableViewTest" executed="true" result="Success" success="True" time="0.611" asserts="0" >
          <results>
              <test-suite type="Fixture" name="TksTableViewTest" executed="True" result="Success" success="True" time="0.611" >
                <results>
                  <test-case name="Test1000Items" executed="True" result="Success" success="True" time="0.097" asserts="0" />
                  <test-case name="TestFilteredItems" executed="True" result="Success" success="True" time="0.061" asserts="0" />
                  <test-case name="TestClearItems" executed="True" result="Success" success="True" time="0.055" asserts="0" />
                  <test-case name="TestScrollToLastItem" executed="True" result="Success" success="True" time="0.053" asserts="0" />
                  <test-case name="TestAccessories" executed="True" result="Success" success="True" time="0.035" asserts="0" />
                  <test-case name="TestGetItemFromPos" executed="True" result="Success" success="True" time="0.031" asserts="0" />
                  <test-case name="BringSelectedIntoView" executed="True" result="Success" success="True" time="0.065" asserts="0" />
                  <test-case name="TestGetCheckedCount" executed="True" result="Success" success="True" time="0.046" asserts="0" />
                  <test-case name="TestTotalItemHeight" executed="True" result="Success" success="True" time="0.047" asserts="0" />
                  <test-case name="TestTopItem" executed="True" result="Success" success="True" time="0.044" asserts="0" />
                  <test-case name="TestTopItemFiltered" executed="True" result="Success" success="True" time="0.045" asserts="0" />
                </results>
              </test-suite>
          </results>
        </test-suite>
    </results>
  </test-suite>
</test-results>
